<?xml version="1.0" encoding="UTF-8"?>
<testsuite name="com.hadoxa.stowfl.statistics.CommentsStatJobTest" tests="3" skipped="0" failures="0" errors="0" timestamp="2016-05-31T05:45:49" hostname="badunmac.local" time="0.446">
  <properties/>
  <testcase name="testReducer" classname="com.hadoxa.stowfl.statistics.CommentsStatJobTest" time="0.391"/>
  <testcase name="testMapper" classname="com.hadoxa.stowfl.statistics.CommentsStatJobTest" time="0.037"/>
  <testcase name="testMapReduce" classname="com.hadoxa.stowfl.statistics.CommentsStatJobTest" time="0.018"/>
  <system-out><![CDATA[]]></system-out>
  <system-err><![CDATA[]]></system-err>
</testsuite>
