<?xml version="1.0" encoding="UTF-8"?>
<testsuite name="com.hadoxa.stowfl.statistics.PostTagsJobTest" tests="1" skipped="0" failures="0" errors="0" timestamp="2016-05-31T05:45:49" hostname="badunmac.local" time="0.017">
  <properties/>
  <testcase name="testMapper" classname="com.hadoxa.stowfl.statistics.PostTagsJobTest" time="0.017"/>
  <system-out><![CDATA[]]></system-out>
  <system-err><![CDATA[]]></system-err>
</testsuite>
